c:\common\code\tanks\tanks\x64\debug\vc143.pdb
c:\common\code\tanks\tanks\x64\debug\vc143.idb
c:\common\code\tanks\tanks\x64\debug\utils.obj
c:\common\code\tanks\tanks\x64\debug\rectcollider.obj
c:\common\code\tanks\tanks\x64\debug\player.obj
c:\common\code\tanks\tanks\x64\debug\packet.obj
c:\common\code\tanks\tanks\x64\debug\offlinenetwork.obj
c:\common\code\tanks\tanks\x64\debug\mapstate.obj
c:\common\code\tanks\tanks\x64\debug\mapeditorengine.obj
c:\common\code\tanks\tanks\x64\debug\mapblock.obj
c:\common\code\tanks\tanks\x64\debug\map.obj
c:\common\code\tanks\tanks\x64\debug\main.obj
c:\common\code\tanks\tanks\x64\debug\ghostmapblock.obj
c:\common\code\tanks\tanks\x64\debug\gamenetwork.obj
c:\common\code\tanks\tanks\x64\debug\gameengine.obj
c:\common\code\tanks\tanks\x64\debug\folderpathmanager.obj
c:\common\code\tanks\tanks\x64\debug\eventhandler.obj
c:\common\code\tanks\tanks\x64\debug\event.obj
c:\common\code\tanks\tanks\x64\debug\engine.obj
c:\common\code\tanks\tanks\x64\debug\deltatime.obj
c:\common\code\tanks\tanks\x64\debug\clientnetwork.obj
c:\common\code\tanks\tanks\x64\debug\bullet.obj
c:\common\code\tanks\tanks\x64\debug\windowinput.obj
c:\common\code\tanks\tanks\x64\debug\window.obj
c:\common\code\tanks\tanks\x64\debug\texturemanager.obj
c:\common\code\tanks\tanks\x64\debug\tcplistener.obj
c:\common\code\tanks\tanks\x64\debug\tcpclient.obj
c:\common\code\tanks\tanks\x64\debug\tankcannon.obj
c:\common\code\tanks\tanks\x64\debug\tank.obj
c:\common\code\tanks\tanks\x64\debug\serverpacketout.obj
c:\common\code\tanks\tanks\x64\debug\serverpacketin.obj
c:\common\code\tanks\tanks\x64\debug\servernetwork.obj
c:\common\code\tanks\tanks\x64\debug\gamepackettypes.h.ifc
c:\common\code\tanks\tanks\x64\debug\gamepackettypes.h.ifc.d.json
c:\common\code\tanks\tanks\x64\debug\gamepackettypes.h.obj
c:\common\code\tanks\tanks\x64\debug\gamepackettypes.h.module.json
c:\common\code\tanks\tanks\x64\debug\tanks.tlog\cl.command.1.tlog
c:\common\code\tanks\tanks\x64\debug\tanks.tlog\cl.read.1.tlog
c:\common\code\tanks\tanks\x64\debug\tanks.tlog\cl.write.1.tlog
c:\common\code\tanks\tanks\x64\debug\tanks_md.tlog\cl.command.1.tlog
c:\common\code\tanks\tanks\x64\debug\tanks_md.tlog\microsoft.build.cpptasks.cl.read.1.tlog
c:\common\code\tanks\tanks\x64\debug\tanks_md.tlog\microsoft.build.cpptasks.cl.write.1.tlog
